Arguments: 
  /usr/local/Cellar/node/10.8.0/bin/node /usr/local/Cellar/yarn/1.5.1_1/libexec/bin/yarn.js test

PATH: 
  /Library/Frameworks/Python.framework/Versions/3.7/bin:/usr/local/bin:/usr/bin:/bin:/usr/sbin:/sbin:/Library/Frameworks/Python.framework/Versions/3.7/bin

Yarn version: 
  1.5.1

Node version: 
  9.11.2

Platform: 
  darwin x64

npm manifest: 
  {
    "name": "valle-card",
    "description": "Awesome valle card - Web Component using Polymer 3x",
    "main": "valle-card.js",
    "dependencies": {
      "@polymer/polymer": "^3.0.0"
    },
    "devDependencies": {
      "@polymer/iron-demo-helpers": "^3.0.0-pre.12",
      "@webcomponents/webcomponentsjs": "^2.0.0",
      "wct-browser-legacy": "^1.0.0"
    }
  }

yarn manifest: 
  No manifest

Lockfile: 
  No lockfile

Trace: 
  Error: Command "test" not found.
      at new MessageError (/usr/local/Cellar/yarn/1.5.1_1/libexec/lib/cli.js:186:110)
      at /usr/local/Cellar/yarn/1.5.1_1/libexec/lib/cli.js:87307:17
      at Generator.next (<anonymous>)
      at step (/usr/local/Cellar/yarn/1.5.1_1/libexec/lib/cli.js:98:30)
      at /usr/local/Cellar/yarn/1.5.1_1/libexec/lib/cli.js:116:14
      at new Promise (<anonymous>)
      at new F (/usr/local/Cellar/yarn/1.5.1_1/libexec/lib/cli.js:23451:28)
      at /usr/local/Cellar/yarn/1.5.1_1/libexec/lib/cli.js:95:12
      at runCommand (/usr/local/Cellar/yarn/1.5.1_1/libexec/lib/cli.js:87312:22)
      at Object.<anonymous> (/usr/local/Cellar/yarn/1.5.1_1/libexec/lib/cli.js:87412:14)
